This is pdfTeX, Version 3.14159265-2.6-1.40.15 (TeX Live 2014/Debian) (preloaded format=pdflatex 2015.2.21)  30 APR 2015 22:52
entering extended mode
 restricted \write18 enabled.
 %&-line parsing enabled.
**report.tex l
(./report.tex
LaTeX2e <2014/05/01>
Babel <3.9k> and hyphenation patterns for 2 languages loaded.
(/usr/share/texlive/texmf-dist/tex/latex/base/article.cls
Document Class: article 2007/10/19 v1.4h Standard LaTeX document class
(/usr/share/texlive/texmf-dist/tex/latex/base/size11.clo
File: size11.clo 2007/10/19 v1.4h Standard LaTeX file (size option)
)
\c@part=\count79
\c@section=\count80
\c@subsection=\count81
\c@subsubsection=\count82
\c@paragraph=\count83
\c@subparagraph=\count84
\c@figure=\count85
\c@table=\count86
\abovecaptionskip=\skip41
\belowcaptionskip=\skip42
\bibindent=\dimen102
)
(/usr/share/texlive/texmf-dist/tex/latex/graphics/graphicx.sty
Package: graphicx 2014/04/25 v1.0g Enhanced LaTeX Graphics (DPC,SPQR)

(/usr/share/texlive/texmf-dist/tex/latex/graphics/keyval.sty
Package: keyval 2014/05/08 v1.15 key=value parser (DPC)
\KV@toks@=\toks14
)
(/usr/share/texlive/texmf-dist/tex/latex/graphics/graphics.sty
Package: graphics 2009/02/05 v1.0o Standard LaTeX Graphics (DPC,SPQR)

(/usr/share/texlive/texmf-dist/tex/latex/graphics/trig.sty
Package: trig 1999/03/16 v1.09 sin cos tan (DPC)
)
(/usr/share/texlive/texmf-dist/tex/latex/latexconfig/graphics.cfg
File: graphics.cfg 2010/04/23 v1.9 graphics configuration of TeX Live
)
Package graphics Info: Driver file: pdftex.def on input line 91.

(/usr/share/texlive/texmf-dist/tex/latex/pdftex-def/pdftex.def
File: pdftex.def 2011/05/27 v0.06d Graphics/color for pdfTeX

(/usr/share/texlive/texmf-dist/tex/generic/oberdiek/infwarerr.sty
Package: infwarerr 2010/04/08 v1.3 Providing info/warning/error messages (HO)
)
(/usr/share/texlive/texmf-dist/tex/generic/oberdiek/ltxcmds.sty
Package: ltxcmds 2011/11/09 v1.22 LaTeX kernel commands for general use (HO)
)
\Gread@gobject=\count87
))
\Gin@req@height=\dimen103
\Gin@req@width=\dimen104
)
(./report.aux)
\openout1 = `report.aux'.

LaTeX Font Info:    Checking defaults for OML/cmm/m/it on input line 13.
LaTeX Font Info:    ... okay on input line 13.
LaTeX Font Info:    Checking defaults for T1/cmr/m/n on input line 13.
LaTeX Font Info:    ... okay on input line 13.
LaTeX Font Info:    Checking defaults for OT1/cmr/m/n on input line 13.
LaTeX Font Info:    ... okay on input line 13.
LaTeX Font Info:    Checking defaults for OMS/cmsy/m/n on input line 13.
LaTeX Font Info:    ... okay on input line 13.
LaTeX Font Info:    Checking defaults for OMX/cmex/m/n on input line 13.
LaTeX Font Info:    ... okay on input line 13.
LaTeX Font Info:    Checking defaults for U/cmr/m/n on input line 13.
LaTeX Font Info:    ... okay on input line 13.
 (/usr/share/texlive/texmf-dist/tex/context/base/supp-pdf.mkii
[Loading MPS to PDF converter (version 2006.09.02).]
\scratchcounter=\count88
\scratchdimen=\dimen105
\scratchbox=\box26
\nofMPsegments=\count89
\nofMParguments=\count90
\everyMPshowfont=\toks15
\MPscratchCnt=\count91
\MPscratchDim=\dimen106
\MPnumerator=\count92
\makeMPintoPDFobject=\count93
\everyMPtoPDFconversion=\toks16
) (/usr/share/texlive/texmf-dist/tex/generic/oberdiek/pdftexcmds.sty
Package: pdftexcmds 2011/11/29 v0.20 Utility functions of pdfTeX for LuaTeX (HO
)

(/usr/share/texlive/texmf-dist/tex/generic/oberdiek/ifluatex.sty
Package: ifluatex 2010/03/01 v1.3 Provides the ifluatex switch (HO)
Package ifluatex Info: LuaTeX not detected.
)
(/usr/share/texlive/texmf-dist/tex/generic/oberdiek/ifpdf.sty
Package: ifpdf 2011/01/30 v2.3 Provides the ifpdf switch (HO)
Package ifpdf Info: pdfTeX in PDF mode is detected.
)
Package pdftexcmds Info: LuaTeX not detected.
Package pdftexcmds Info: \pdf@primitive is available.
Package pdftexcmds Info: \pdf@ifprimitive is available.
Package pdftexcmds Info: \pdfdraftmode found.
)
(/usr/share/texlive/texmf-dist/tex/latex/oberdiek/epstopdf-base.sty
Package: epstopdf-base 2010/02/09 v2.5 Base part for package epstopdf

(/usr/share/texlive/texmf-dist/tex/latex/oberdiek/grfext.sty
Package: grfext 2010/08/19 v1.1 Manage graphics extensions (HO)

(/usr/share/texlive/texmf-dist/tex/generic/oberdiek/kvdefinekeys.sty
Package: kvdefinekeys 2011/04/07 v1.3 Define keys (HO)
))
(/usr/share/texlive/texmf-dist/tex/latex/oberdiek/kvoptions.sty
Package: kvoptions 2011/06/30 v3.11 Key value format for package options (HO)

(/usr/share/texlive/texmf-dist/tex/generic/oberdiek/kvsetkeys.sty
Package: kvsetkeys 2012/04/25 v1.16 Key value parser (HO)

(/usr/share/texlive/texmf-dist/tex/generic/oberdiek/etexcmds.sty
Package: etexcmds 2011/02/16 v1.5 Avoid name clashes with e-TeX commands (HO)
Package etexcmds Info: Could not find \expanded.
(etexcmds)             That can mean that you are not using pdfTeX 1.50 or
(etexcmds)             that some package has redefined \expanded.
(etexcmds)             In the latter case, load this package earlier.
)))
Package grfext Info: Graphics extension search list:
(grfext)             [.png,.pdf,.jpg,.mps,.jpeg,.jbig2,.jb2,.PNG,.PDF,.JPG,.JPE
G,.JBIG2,.JB2,.eps]
(grfext)             \AppendGraphicsExtensions on input line 452.

(/usr/share/texlive/texmf-dist/tex/latex/latexconfig/epstopdf-sys.cfg
File: epstopdf-sys.cfg 2010/07/13 v1.3 Configuration of (r)epstopdf for TeX Liv
e
))
LaTeX Font Info:    External font `cmex10' loaded for size
(Font)              <12> on input line 15.
LaTeX Font Info:    External font `cmex10' loaded for size
(Font)              <8> on input line 15.
LaTeX Font Info:    External font `cmex10' loaded for size
(Font)              <6> on input line 15.

[1

{/var/lib/texmf/fonts/map/pdftex/updmap/pdftex.map}] (./report.toc
LaTeX Font Info:    External font `cmex10' loaded for size
(Font)              <10.95> on input line 2.
)
\tf@toc=\write3
\openout3 = `report.toc'.

 [1]
LaTeX Font Info:    Try loading font information for OMS+cmr on input line 29.

(/usr/share/texlive/texmf-dist/tex/latex/base/omscmr.fd
File: omscmr.fd 1999/05/25 v2.5h Standard LaTeX font definitions
)
LaTeX Font Info:    Font shape `OMS/cmr/m/n' in size <10.95> not available
(Font)              Font shape `OMS/cmsy/m/n' tried instead on input line 29.
 [2]
</home/michal/development/workspace/CS12320_assign2/doc/img/useDiagram.png, id=
18, 582.175pt x 702.625pt>
File: /home/michal/development/workspace/CS12320_assign2/doc/img/useDiagram.png
 Graphic file (type png)

<use /home/michal/development/workspace/CS12320_assign2/doc/img/useDiagram.png>
Package pdftex.def Info: /home/michal/development/workspace/CS12320_assign2/doc
/img/useDiagram.png used on input line 61.
(pdftex.def)             Requested size: 448.07378pt x 540.78705pt.

</home/michal/development/workspace/CS12320_assign2/doc/img/classDiagram.png, i
d=19, 890.32625pt x 1318.9275pt>
File: /home/michal/development/workspace/CS12320_assign2/doc/img/classDiagram.p
ng Graphic file (type png)

<use /home/michal/development/workspace/CS12320_assign2/doc/img/classDiagram.pn
g>
Package pdftex.def Info: /home/michal/development/workspace/CS12320_assign2/doc
/img/classDiagram.png used on input line 65.
(pdftex.def)             Requested size: 448.07378pt x 663.76892pt.
 [3 </home/michal/development/workspace/CS12320_assign2/doc/img/useDiagram.png 
(PNG copy)>]
Overfull \vbox (74.0414pt too high) has occurred while \output is active []


[4 </home/michal/development/workspace/CS12320_assign2/doc/img/classDiagram.png
>] [5]
</home/michal/development/workspace/CS12320_assign2/doc/img/sequence.png, id=30
, 893.3375pt x 983.675pt> [6]
File: /home/michal/development/workspace/CS12320_assign2/doc/img/sequence.png G
raphic file (type png)

<use /home/michal/development/workspace/CS12320_assign2/doc/img/sequence.png>
Package pdftex.def Info: /home/michal/development/workspace/CS12320_assign2/doc
/img/sequence.png used on input line 187.
(pdftex.def)             Requested size: 448.07378pt x 493.3823pt.

Overfull \hbox (27.37506pt too wide) in paragraph at lines 187--188
[][] 
 []


</home/michal/development/workspace/CS12320_assign2/doc/img/tableA.png, id=35, 
1336.995pt x 1427.3325pt>
File: /home/michal/development/workspace/CS12320_assign2/doc/img/tableA.png Gra
phic file (type png)

<use /home/michal/development/workspace/CS12320_assign2/doc/img/tableA.png>
Package pdftex.def Info: /home/michal/development/workspace/CS12320_assign2/doc
/img/tableA.png used on input line 193.
(pdftex.def)             Requested size: 448.07378pt x 478.33904pt.

</home/michal/development/workspace/CS12320_assign2/doc/img/tableB.png, id=37, 
1345.025pt x 1608.0075pt>
File: /home/michal/development/workspace/CS12320_assign2/doc/img/tableB.png Gra
phic file (type png)

<use /home/michal/development/workspace/CS12320_assign2/doc/img/tableB.png>
Package pdftex.def Info: /home/michal/development/workspace/CS12320_assign2/doc
/img/tableB.png used on input line 194.
(pdftex.def)             Requested size: 448.07378pt x 535.67404pt.

[7 </home/michal/development/workspace/CS12320_assign2/doc/img/sequence.png (PN
G copy)>] [8 </home/michal/development/workspace/CS12320_assign2/doc/img/tableA
.png>] [9 </home/michal/development/workspace/CS12320_assign2/doc/img/tableB.pn
g>]
</home/michal/development/workspace/CS12320_assign2/doc/img/ss1.png, id=49, 989
.6975pt x 440.64626pt>
File: /home/michal/development/workspace/CS12320_assign2/doc/img/ss1.png Graphi
c file (type png)

<use /home/michal/development/workspace/CS12320_assign2/doc/img/ss1.png>
Package pdftex.def Info: /home/michal/development/workspace/CS12320_assign2/doc
/img/ss1.png used on input line 200.
(pdftex.def)             Requested size: 448.07378pt x 199.49252pt.

Underfull \hbox (badness 10000) in paragraph at lines 199--201

 []


Overfull \hbox (27.37506pt too wide) in paragraph at lines 199--201
[] 
 []


</home/michal/development/workspace/CS12320_assign2/doc/img/ss2.png, id=50, 769
.37437pt x 331.2375pt>
File: /home/michal/development/workspace/CS12320_assign2/doc/img/ss2.png Graphi
c file (type png)

<use /home/michal/development/workspace/CS12320_assign2/doc/img/ss2.png>
Package pdftex.def Info: /home/michal/development/workspace/CS12320_assign2/doc
/img/ss2.png used on input line 202.
(pdftex.def)             Requested size: 448.07378pt x 192.91139pt.

Underfull \hbox (badness 10000) in paragraph at lines 201--202

 []


Overfull \hbox (27.37506pt too wide) in paragraph at lines 201--202
[] 
 []

[10 </home/michal/development/workspace/CS12320_assign2/doc/img/ss1.png> </home
/michal/development/workspace/CS12320_assign2/doc/img/ss2.png>]
</home/michal/development/workspace/CS12320_assign2/doc/img/ss3.png, id=55, 822
.07124pt x 427.5975pt>
File: /home/michal/development/workspace/CS12320_assign2/doc/img/ss3.png Graphi
c file (type png)

<use /home/michal/development/workspace/CS12320_assign2/doc/img/ss3.png>
Package pdftex.def Info: /home/michal/development/workspace/CS12320_assign2/doc
/img/ss3.png used on input line 204.
(pdftex.def)             Requested size: 448.07378pt x 233.06537pt.

Underfull \hbox (badness 10000) in paragraph at lines 203--205

 []


Overfull \hbox (27.37506pt too wide) in paragraph at lines 203--205
[] 
 []


</home/michal/development/workspace/CS12320_assign2/doc/img/ss4.png, id=56, 803
.0pt x 195.73125pt>
File: /home/michal/development/workspace/CS12320_assign2/doc/img/ss4.png Graphi
c file (type png)

<use /home/michal/development/workspace/CS12320_assign2/doc/img/ss4.png>
Package pdftex.def Info: /home/michal/development/workspace/CS12320_assign2/doc
/img/ss4.png used on input line 206.
(pdftex.def)             Requested size: 448.07378pt x 109.22047pt.

Underfull \hbox (badness 10000) in paragraph at lines 205--207

 []


Overfull \hbox (27.37506pt too wide) in paragraph at lines 205--207
[] 
 []


</home/michal/development/workspace/CS12320_assign2/doc/img/ss5.png, id=57, 803
.0pt x 195.73125pt>
File: /home/michal/development/workspace/CS12320_assign2/doc/img/ss5.png Graphi
c file (type png)

<use /home/michal/development/workspace/CS12320_assign2/doc/img/ss5.png>
Package pdftex.def Info: /home/michal/development/workspace/CS12320_assign2/doc
/img/ss5.png used on input line 208.
(pdftex.def)             Requested size: 448.07378pt x 109.22047pt.

Underfull \hbox (badness 10000) in paragraph at lines 207--208

 []


Overfull \hbox (27.37506pt too wide) in paragraph at lines 207--208
[] 
 []

[11 </home/michal/development/workspace/CS12320_assign2/doc/img/ss3.png> </home
/michal/development/workspace/CS12320_assign2/doc/img/ss4.png> </home/michal/de
velopment/workspace/CS12320_assign2/doc/img/ss5.png>]
</home/michal/development/workspace/CS12320_assign2/doc/img/ss6.png, id=64, 803
.0pt x 195.73125pt>
File: /home/michal/development/workspace/CS12320_assign2/doc/img/ss6.png Graphi
c file (type png)

<use /home/michal/development/workspace/CS12320_assign2/doc/img/ss6.png>
Package pdftex.def Info: /home/michal/development/workspace/CS12320_assign2/doc
/img/ss6.png used on input line 210.
(pdftex.def)             Requested size: 448.07378pt x 109.22047pt.

Underfull \hbox (badness 10000) in paragraph at lines 209--211

 []


Overfull \hbox (27.37506pt too wide) in paragraph at lines 209--211
[] 
 []


</home/michal/development/workspace/CS12320_assign2/doc/img/ss7.png, id=65, 318
.18875pt x 144.54pt>
File: /home/michal/development/workspace/CS12320_assign2/doc/img/ss7.png Graphi
c file (type png)

<use /home/michal/development/workspace/CS12320_assign2/doc/img/ss7.png>
Package pdftex.def Info: /home/michal/development/workspace/CS12320_assign2/doc
/img/ss7.png used on input line 212.
(pdftex.def)             Requested size: 179.22676pt x 81.4138pt.

Underfull \hbox (badness 10000) in paragraph at lines 211--213

 []


</home/michal/development/workspace/CS12320_assign2/doc/img/ss8.png, id=66, 924
.45375pt x 440.64626pt>
File: /home/michal/development/workspace/CS12320_assign2/doc/img/ss8.png Graphi
c file (type png)

<use /home/michal/development/workspace/CS12320_assign2/doc/img/ss8.png>
Package pdftex.def Info: /home/michal/development/workspace/CS12320_assign2/doc
/img/ss8.png used on input line 214.
(pdftex.def)             Requested size: 448.07378pt x 213.57869pt.

Underfull \hbox (badness 10000) in paragraph at lines 213--214

 []


Overfull \hbox (27.37506pt too wide) in paragraph at lines 213--214
[] 
 []

[12 </home/michal/development/workspace/CS12320_assign2/doc/img/ss6.png> </home
/michal/development/workspace/CS12320_assign2/doc/img/ss7.png> </home/michal/de
velopment/workspace/CS12320_assign2/doc/img/ss8.png>]
</home/michal/development/workspace/CS12320_assign2/doc/img/ss9.png, id=74, 924
.45375pt x 440.64626pt>
File: /home/michal/development/workspace/CS12320_assign2/doc/img/ss9.png Graphi
c file (type png)

<use /home/michal/development/workspace/CS12320_assign2/doc/img/ss9.png>
Package pdftex.def Info: /home/michal/development/workspace/CS12320_assign2/doc
/img/ss9.png used on input line 216.
(pdftex.def)             Requested size: 448.07378pt x 213.57869pt.

Underfull \hbox (badness 10000) in paragraph at lines 215--217

 []


Overfull \hbox (27.37506pt too wide) in paragraph at lines 215--217
[] 
 []


</home/michal/development/workspace/CS12320_assign2/doc/img/ss10.png, id=75, 92
4.45375pt x 440.64626pt>
File: /home/michal/development/workspace/CS12320_assign2/doc/img/ss10.png Graph
ic file (type png)

<use /home/michal/development/workspace/CS12320_assign2/doc/img/ss10.png>
Package pdftex.def Info: /home/michal/development/workspace/CS12320_assign2/doc
/img/ss10.png used on input line 218.
(pdftex.def)             Requested size: 448.07378pt x 213.57869pt.

Underfull \hbox (badness 10000) in paragraph at lines 217--218

 []


Overfull \hbox (27.37506pt too wide) in paragraph at lines 217--218
[] 
 []

[13 </home/michal/development/workspace/CS12320_assign2/doc/img/ss9.png> </home
/michal/development/workspace/CS12320_assign2/doc/img/ss10.png>]
</home/michal/development/workspace/CS12320_assign2/doc/img/ss11.png, id=81, 92
4.45375pt x 440.64626pt>
File: /home/michal/development/workspace/CS12320_assign2/doc/img/ss11.png Graph
ic file (type png)

<use /home/michal/development/workspace/CS12320_assign2/doc/img/ss11.png>
Package pdftex.def Info: /home/michal/development/workspace/CS12320_assign2/doc
/img/ss11.png used on input line 220.
(pdftex.def)             Requested size: 448.07378pt x 213.57869pt.

Underfull \hbox (badness 10000) in paragraph at lines 219--221

 []


Overfull \hbox (27.37506pt too wide) in paragraph at lines 219--221
[] 
 []


</home/michal/development/workspace/CS12320_assign2/doc/img/ss12.png, id=82, 92
4.45375pt x 440.64626pt>
File: /home/michal/development/workspace/CS12320_assign2/doc/img/ss12.png Graph
ic file (type png)

<use /home/michal/development/workspace/CS12320_assign2/doc/img/ss12.png>
Package pdftex.def Info: /home/michal/development/workspace/CS12320_assign2/doc
/img/ss12.png used on input line 222.
(pdftex.def)             Requested size: 448.07378pt x 213.57869pt.

Underfull \hbox (badness 10000) in paragraph at lines 221--222

 []


Overfull \hbox (27.37506pt too wide) in paragraph at lines 221--222
[] 
 []

[14 </home/michal/development/workspace/CS12320_assign2/doc/img/ss11.png> </hom
e/michal/development/workspace/CS12320_assign2/doc/img/ss12.png>]
</home/michal/development/workspace/CS12320_assign2/doc/img/ss13.png, id=88, 92
4.45375pt x 440.64626pt>
File: /home/michal/development/workspace/CS12320_assign2/doc/img/ss13.png Graph
ic file (type png)

<use /home/michal/development/workspace/CS12320_assign2/doc/img/ss13.png>
Package pdftex.def Info: /home/michal/development/workspace/CS12320_assign2/doc
/img/ss13.png used on input line 224.
(pdftex.def)             Requested size: 448.07378pt x 213.57869pt.

Underfull \hbox (badness 10000) in paragraph at lines 223--225

 []


Overfull \hbox (27.37506pt too wide) in paragraph at lines 223--225
[] 
 []


</home/michal/development/workspace/CS12320_assign2/doc/img/ss14.png, id=89, 92
4.45375pt x 440.64626pt>
File: /home/michal/development/workspace/CS12320_assign2/doc/img/ss14.png Graph
ic file (type png)

<use /home/michal/development/workspace/CS12320_assign2/doc/img/ss14.png>
Package pdftex.def Info: /home/michal/development/workspace/CS12320_assign2/doc
/img/ss14.png used on input line 226.
(pdftex.def)             Requested size: 448.07378pt x 213.57869pt.

Underfull \hbox (badness 10000) in paragraph at lines 225--226

 []


Overfull \hbox (27.37506pt too wide) in paragraph at lines 225--226
[] 
 []

[15 </home/michal/development/workspace/CS12320_assign2/doc/img/ss13.png> </hom
e/michal/development/workspace/CS12320_assign2/doc/img/ss14.png>]
</home/michal/development/workspace/CS12320_assign2/doc/img/ss15.png, id=95, 92
4.45375pt x 440.64626pt>
File: /home/michal/development/workspace/CS12320_assign2/doc/img/ss15.png Graph
ic file (type png)

<use /home/michal/development/workspace/CS12320_assign2/doc/img/ss15.png>
Package pdftex.def Info: /home/michal/development/workspace/CS12320_assign2/doc
/img/ss15.png used on input line 228.
(pdftex.def)             Requested size: 448.07378pt x 213.57869pt.

Underfull \hbox (badness 10000) in paragraph at lines 227--229

 []


Overfull \hbox (27.37506pt too wide) in paragraph at lines 227--229
[] 
 []


</home/michal/development/workspace/CS12320_assign2/doc/img/ss16.png, id=96, 92
4.45375pt x 440.64626pt>
File: /home/michal/development/workspace/CS12320_assign2/doc/img/ss16.png Graph
ic file (type png)

<use /home/michal/development/workspace/CS12320_assign2/doc/img/ss16.png>
Package pdftex.def Info: /home/michal/development/workspace/CS12320_assign2/doc
/img/ss16.png used on input line 230.
(pdftex.def)             Requested size: 448.07378pt x 213.57869pt.

Underfull \hbox (badness 10000) in paragraph at lines 229--230

 []


Overfull \hbox (27.37506pt too wide) in paragraph at lines 229--230
[] 
 []

[16 </home/michal/development/workspace/CS12320_assign2/doc/img/ss15.png> </hom
e/michal/development/workspace/CS12320_assign2/doc/img/ss16.png>]
</home/michal/development/workspace/CS12320_assign2/doc/img/ss17.png, id=102, 9
24.45375pt x 440.64626pt>
File: /home/michal/development/workspace/CS12320_assign2/doc/img/ss17.png Graph
ic file (type png)

<use /home/michal/development/workspace/CS12320_assign2/doc/img/ss17.png>
Package pdftex.def Info: /home/michal/development/workspace/CS12320_assign2/doc
/img/ss17.png used on input line 232.
(pdftex.def)             Requested size: 448.07378pt x 213.57869pt.

Underfull \hbox (badness 10000) in paragraph at lines 231--233

 []


Overfull \hbox (27.37506pt too wide) in paragraph at lines 231--233
[] 
 []


</home/michal/development/workspace/CS12320_assign2/doc/img/ss18.png, id=103, 9
24.45375pt x 440.64626pt>
File: /home/michal/development/workspace/CS12320_assign2/doc/img/ss18.png Graph
ic file (type png)

<use /home/michal/development/workspace/CS12320_assign2/doc/img/ss18.png>
Package pdftex.def Info: /home/michal/development/workspace/CS12320_assign2/doc
/img/ss18.png used on input line 234.
(pdftex.def)             Requested size: 448.07378pt x 213.57869pt.

Underfull \hbox (badness 10000) in paragraph at lines 233--234

 []


Overfull \hbox (27.37506pt too wide) in paragraph at lines 233--234
[] 
 []

[17 </home/michal/development/workspace/CS12320_assign2/doc/img/ss17.png> </hom
e/michal/development/workspace/CS12320_assign2/doc/img/ss18.png>]
</home/michal/development/workspace/CS12320_assign2/doc/img/ss19.png, id=109, 9
24.45375pt x 440.64626pt>
File: /home/michal/development/workspace/CS12320_assign2/doc/img/ss19.png Graph
ic file (type png)

<use /home/michal/development/workspace/CS12320_assign2/doc/img/ss19.png>
Package pdftex.def Info: /home/michal/development/workspace/CS12320_assign2/doc
/img/ss19.png used on input line 236.
(pdftex.def)             Requested size: 448.07378pt x 213.57869pt.

Underfull \hbox (badness 10000) in paragraph at lines 235--237

 []


Overfull \hbox (27.37506pt too wide) in paragraph at lines 235--237
[] 
 []


</home/michal/development/workspace/CS12320_assign2/doc/img/ss20.png, id=110, 9
24.45375pt x 440.64626pt>
File: /home/michal/development/workspace/CS12320_assign2/doc/img/ss20.png Graph
ic file (type png)

<use /home/michal/development/workspace/CS12320_assign2/doc/img/ss20.png>
Package pdftex.def Info: /home/michal/development/workspace/CS12320_assign2/doc
/img/ss20.png used on input line 238.
(pdftex.def)             Requested size: 448.07378pt x 213.57869pt.

Underfull \hbox (badness 10000) in paragraph at lines 237--238

 []


Overfull \hbox (27.37506pt too wide) in paragraph at lines 237--238
[] 
 []

[18 </home/michal/development/workspace/CS12320_assign2/doc/img/ss19.png> </hom
e/michal/development/workspace/CS12320_assign2/doc/img/ss20.png>]
</home/michal/development/workspace/CS12320_assign2/doc/img/ss21.png, id=117, 4
03.5075pt x 278.03876pt>
File: /home/michal/development/workspace/CS12320_assign2/doc/img/ss21.png Graph
ic file (type png)

<use /home/michal/development/workspace/CS12320_assign2/doc/img/ss21.png>
Package pdftex.def Info: /home/michal/development/workspace/CS12320_assign2/doc
/img/ss21.png used on input line 240.
(pdftex.def)             Requested size: 268.847pt x 185.24982pt.

Underfull \hbox (badness 10000) in paragraph at lines 239--241

 []


</home/michal/development/workspace/CS12320_assign2/doc/img/ss22.png, id=118, 9
03.375pt x 499.8675pt>
File: /home/michal/development/workspace/CS12320_assign2/doc/img/ss22.png Graph
ic file (type png)

<use /home/michal/development/workspace/CS12320_assign2/doc/img/ss22.png>
Package pdftex.def Info: /home/michal/development/workspace/CS12320_assign2/doc
/img/ss22.png used on input line 242.
(pdftex.def)             Requested size: 448.07378pt x 247.93477pt.

Underfull \hbox (badness 10000) in paragraph at lines 241--242

 []


Overfull \hbox (27.37506pt too wide) in paragraph at lines 241--242
[] 
 []

[19 </home/michal/development/workspace/CS12320_assign2/doc/img/ss21.png> </hom
e/michal/development/workspace/CS12320_assign2/doc/img/ss22.png>]
</home/michal/development/workspace/CS12320_assign2/doc/img/ss23.png, id=124, 9
00.36375pt x 440.64626pt>
File: /home/michal/development/workspace/CS12320_assign2/doc/img/ss23.png Graph
ic file (type png)

<use /home/michal/development/workspace/CS12320_assign2/doc/img/ss23.png>
Package pdftex.def Info: /home/michal/development/workspace/CS12320_assign2/doc
/img/ss23.png used on input line 244.
(pdftex.def)             Requested size: 448.07378pt x 219.29385pt.

Underfull \hbox (badness 10000) in paragraph at lines 243--245

 []


Overfull \hbox (27.37506pt too wide) in paragraph at lines 243--245
[] 
 []


</home/michal/development/workspace/CS12320_assign2/doc/img/ss24.png, id=125, 2
90.08376pt x 152.57pt>
File: /home/michal/development/workspace/CS12320_assign2/doc/img/ss24.png Graph
ic file (type png)

<use /home/michal/development/workspace/CS12320_assign2/doc/img/ss24.png>
Package pdftex.def Info: /home/michal/development/workspace/CS12320_assign2/doc
/img/ss24.png used on input line 246.
(pdftex.def)             Requested size: 179.22676pt x 94.26416pt.

Underfull \hbox (badness 10000) in paragraph at lines 245--246

 []

[20 </home/michal/development/workspace/CS12320_assign2/doc/img/ss23.png> </hom
e/michal/development/workspace/CS12320_assign2/doc/img/ss24.png>]
</home/michal/development/workspace/CS12320_assign2/doc/img/ss25.png, id=131, 8
19.06pt x 440.64626pt>
File: /home/michal/development/workspace/CS12320_assign2/doc/img/ss25.png Graph
ic file (type png)

<use /home/michal/development/workspace/CS12320_assign2/doc/img/ss25.png>
Package pdftex.def Info: /home/michal/development/workspace/CS12320_assign2/doc
/img/ss25.png used on input line 248.
(pdftex.def)             Requested size: 448.07378pt x 241.06523pt.

Underfull \hbox (badness 10000) in paragraph at lines 247--249

 []


Overfull \hbox (27.37506pt too wide) in paragraph at lines 247--249
[] 
 []


</home/michal/development/workspace/CS12320_assign2/doc/img/ss26.png, id=132, 4
03.5075pt x 278.03876pt>
File: /home/michal/development/workspace/CS12320_assign2/doc/img/ss26.png Graph
ic file (type png)

<use /home/michal/development/workspace/CS12320_assign2/doc/img/ss26.png>
Package pdftex.def Info: /home/michal/development/workspace/CS12320_assign2/doc
/img/ss26.png used on input line 250.
(pdftex.def)             Requested size: 268.847pt x 185.24982pt.

Underfull \hbox (badness 10000) in paragraph at lines 249--251

 []

[21 </home/michal/development/workspace/CS12320_assign2/doc/img/ss25.png> </hom
e/michal/development/workspace/CS12320_assign2/doc/img/ss26.png>]
Overfull \hbox (12.98262pt too wide) in paragraph at lines 314--321
\OT1/cmr/m/n/10.95 This as-sign-ment was def-i-nitely more dif-fi-cult and com-
plex than the pre-vi-ous two mini-assignments.
 []

[22] [23] (./report.aux) ) 
Here is how much of TeX's memory you used:
 1666 strings out of 495021
 30810 string characters out of 6181344
 77289 words of memory out of 5000000
 4851 multiletter control sequences out of 15000+600000
 8979 words of font info for 32 fonts, out of 8000000 for 9000
 14 hyphenation exceptions out of 8191
 37i,6n,23p,298b,273s stack positions out of 5000i,500n,10000p,200000b,80000s
</usr/share/texlive/texmf-dist/fonts/type1/public/ams
fonts/cm/cmbx10.pfb></usr/share/texlive/texmf-dist/fonts/type1/public/amsfonts/
cm/cmbx12.pfb></usr/share/texlive/texmf-dist/fonts/type1/public/amsfonts/cm/cmr
10.pfb></usr/share/texlive/texmf-dist/fonts/type1/public/amsfonts/cm/cmr12.pfb>
</usr/share/texlive/texmf-dist/fonts/type1/public/amsfonts/cm/cmr17.pfb></usr/s
hare/texlive/texmf-dist/fonts/type1/public/amsfonts/cm/cmsy10.pfb></usr/share/t
exlive/texmf-dist/fonts/type1/public/amsfonts/cm/cmtt10.pfb>
Output written on report.pdf (24 pages, 1565577 bytes).
PDF statistics:
 168 PDF objects out of 1000 (max. 8388607)
 76 compressed objects within 1 object stream
 0 named destinations out of 1000 (max. 500000)
 156 words of extra memory for PDF output out of 10000 (max. 10000000)

